<?xml version="1.0" encoding="UTF-8"?>
<testsuite name="com.spring.app.JenkinsApplicationTests" tests="1" skipped="0" failures="0" errors="0" timestamp="2026-02-23T03:46:30.166Z" hostname="DLTLGUD" time="0.611">
  <properties/>
  <testcase name="contextLoads()" classname="com.spring.app.JenkinsApplicationTests" time="0.611"/>
  <system-out><![CDATA[12:46:25.427 [Test worker] INFO org.springframework.test.context.support.AnnotationConfigContextLoaderUtils -- Could not detect default configuration classes for test class [com.spring.app.JenkinsApplicationTests]: JenkinsApplicationTests does not declare any static, non-private, non-final, nested classes annotated with @Configuration.
12:46:25.554 [Test worker] INFO org.springframework.boot.test.context.SpringBootTestContextBootstrapper -- Found @SpringBootConfiguration com.spring.app.JenkinsApplication for test class com.spring.app.JenkinsApplicationTests

  .   ____          _            __ _ _
 /\\ / ___'_ __ _ _(_)_ __  __ _ \ \ \ \
( ( )\___ | '_ | '_| | '_ \/ _` | \ \ \ \
 \\/  ___)| |_)| | | | | || (_| |  ) ) ) )
  '  |____| .__|_| |_|_| |_\__, | / / / /
 =========|_|==============|___/=/_/_/_/

 :: Spring Boot ::               (v3.5.11)

2026-02-23T12:46:26.123+09:00  INFO 19580 --- [jenkins] [    Test worker] com.spring.app.JenkinsApplicationTests   : Starting JenkinsApplicationTests using Java 17.0.18 with PID 19580 (started by dltlg in C:\NCS\workspace_springboot\jenkins)
2026-02-23T12:46:26.125+09:00 DEBUG 19580 --- [jenkins] [    Test worker] com.spring.app.JenkinsApplicationTests   : Running with Spring Boot v3.5.11, Spring v6.2.16
2026-02-23T12:46:26.125+09:00  INFO 19580 --- [jenkins] [    Test worker] com.spring.app.JenkinsApplicationTests   : The following 1 profile is active: "local"
2026-02-23T12:46:26.950+09:00  INFO 19580 --- [jenkins] [    Test worker] .s.d.r.c.RepositoryConfigurationDelegate : Bootstrapping Spring Data JPA repositories in DEFAULT mode.
2026-02-23T12:46:26.973+09:00  INFO 19580 --- [jenkins] [    Test worker] .s.d.r.c.RepositoryConfigurationDelegate : Finished Spring Data repository scanning in 8 ms. Found 0 JPA repository interfaces.
2026-02-23T12:46:27.516+09:00  INFO 19580 --- [jenkins] [    Test worker] com.zaxxer.hikari.HikariDataSource       : HikariPool-1 - Starting...
2026-02-23T12:46:28.044+09:00  INFO 19580 --- [jenkins] [    Test worker] com.zaxxer.hikari.pool.HikariPool        : HikariPool-1 - Added connection oracle.jdbc.driver.T4CConnection@2450256f
2026-02-23T12:46:28.045+09:00  INFO 19580 --- [jenkins] [    Test worker] com.zaxxer.hikari.HikariDataSource       : HikariPool-1 - Start completed.
2026-02-23T12:46:28.096+09:00  INFO 19580 --- [jenkins] [    Test worker] o.hibernate.jpa.internal.util.LogHelper  : HHH000204: Processing PersistenceUnitInfo [name: default]
2026-02-23T12:46:28.164+09:00  INFO 19580 --- [jenkins] [    Test worker] org.hibernate.Version                    : HHH000412: Hibernate ORM core version 6.6.42.Final
2026-02-23T12:46:28.209+09:00  INFO 19580 --- [jenkins] [    Test worker] o.h.c.internal.RegionFactoryInitiator    : HHH000026: Second-level cache disabled
2026-02-23T12:46:28.595+09:00  INFO 19580 --- [jenkins] [    Test worker] o.s.o.j.p.SpringPersistenceUnitInfo      : No LoadTimeWeaver setup: ignoring JPA class transformer
2026-02-23T12:46:28.790+09:00  WARN 19580 --- [jenkins] [    Test worker] org.hibernate.dialect.Dialect            : HHH000511: The 18.0.0 version for [org.hibernate.dialect.OracleDialect] is no longer supported, hence certain features may not work properly. The minimum supported version is 19.0.0. Check the community dialects project for available legacy versions.
2026-02-23T12:46:28.908+09:00  INFO 19580 --- [jenkins] [    Test worker] org.hibernate.orm.connections.pooling    : HHH10001005: Database info:
	Database JDBC URL [Connecting through datasource 'HikariDataSource (HikariPool-1)']
	Database driver: undefined/unknown
	Database version: 18.0
	Autocommit mode: undefined/unknown
	Isolation level: undefined/unknown
	Minimum pool size: undefined/unknown
	Maximum pool size: undefined/unknown
2026-02-23T12:46:29.213+09:00  INFO 19580 --- [jenkins] [    Test worker] o.h.e.t.j.p.i.JtaPlatformInitiator       : HHH000489: No JTA platform available (set 'hibernate.transaction.jta.platform' to enable JTA platform integration)
2026-02-23T12:46:29.218+09:00  INFO 19580 --- [jenkins] [    Test worker] j.LocalContainerEntityManagerFactoryBean : Initialized JPA EntityManagerFactory for persistence unit 'default'
2026-02-23T12:46:29.602+09:00  WARN 19580 --- [jenkins] [    Test worker] JpaBaseConfiguration$JpaWebConfiguration : spring.jpa.open-in-view is enabled by default. Therefore, database queries may be performed during view rendering. Explicitly configure spring.jpa.open-in-view to disable this warning
2026-02-23T12:46:30.145+09:00  INFO 19580 --- [jenkins] [    Test worker] com.spring.app.JenkinsApplicationTests   : Started JenkinsApplicationTests in 4.415 seconds (process running for 5.719)
]]></system-out>
  <system-err><![CDATA[]]></system-err>
</testsuite>
